-------------------------------------------------------------------------------
Test set: com.heima.search.test.RedisTest
-------------------------------------------------------------------------------
Tests run: 1, Failures: 0, Errors: 1, Skipped: 0, Time elapsed: 0.013 s <<< FAILURE! - in com.heima.search.test.RedisTest
initializationError  Time elapsed: 0.009 s  <<< ERROR!
java.lang.Exception: No runnable methods

